<?xml version="1.0" encoding="UTF-8"?>
<testng-results ignored="0" total="10" passed="10" failed="0" skipped="0">
  <reporter-output>
  </reporter-output>
  <suite started-at="2021-02-27T23:31:46 IST" name="RegressionSuite" finished-at="2021-02-27T23:31:47 IST" duration-ms="169">
    <groups>
    </groups>
    <test started-at="2021-02-27T23:31:46 IST" name="MyTest" finished-at="2021-02-27T23:31:47 IST" duration-ms="169">
      <class name="com.sl.test2.PracTestNG2">
        <test-method is-config="true" signature="beforeSuite()[pri:0, instance:com.sl.test2.PracTestNG2@43301423]" started-at="2021-02-27T23:31:46 IST" name="beforeSuite" finished-at="2021-02-27T23:31:46 IST" duration-ms="0" status="PASS">
          <reporter-output>
          </reporter-output>
        </test-method> <!-- beforeSuite -->
        <test-method is-config="true" signature="beforeTest()[pri:0, instance:com.sl.test2.PracTestNG2@43301423]" started-at="2021-02-27T23:31:46 IST" name="beforeTest" finished-at="2021-02-27T23:31:46 IST" duration-ms="0" status="PASS">
          <reporter-output>
          </reporter-output>
        </test-method> <!-- beforeTest -->
        <test-method signature="signup(java.lang.String, java.lang.String)[pri:0, instance:com.sl.test2.PracTestNG2@43301423]" started-at="2021-02-27T23:31:47 IST" name="signup" data-provider="signupdp" finished-at="2021-02-27T23:31:47 IST" duration-ms="0" status="PASS">
          <params>
            <param index="0">
              <value>
                <![CDATA[user1]]>
              </value>
            </param>
            <param index="1">
              <value>
                <![CDATA[pass1]]>
              </value>
            </param>
          </params>
          <reporter-output>
          </reporter-output>
        </test-method> <!-- signup -->
        <test-method is-config="true" signature="beforeClass()[pri:0, instance:com.sl.test2.PracTestNG2@43301423]" started-at="2021-02-27T23:31:47 IST" name="beforeClass" finished-at="2021-02-27T23:31:47 IST" duration-ms="0" status="PASS">
          <reporter-output>
          </reporter-output>
        </test-method> <!-- beforeClass -->
        <test-method signature="t()[pri:0, instance:com.sl.test2.PracTestNG2@43301423]" started-at="2021-02-27T23:31:47 IST" name="t" finished-at="2021-02-27T23:31:47 IST" duration-ms="8" status="PASS">
          <reporter-output>
          </reporter-output>
        </test-method> <!-- t -->
        <test-method is-config="true" signature="beforeMethod()[pri:0, instance:com.sl.test2.PracTestNG2@43301423]" started-at="2021-02-27T23:31:47 IST" name="beforeMethod" finished-at="2021-02-27T23:31:47 IST" duration-ms="0" status="PASS">
          <reporter-output>
          </reporter-output>
        </test-method> <!-- beforeMethod -->
        <test-method is-config="true" signature="beforeMethod()[pri:0, instance:com.sl.test2.PracTestNG2@43301423]" started-at="2021-02-27T23:31:47 IST" name="beforeMethod" finished-at="2021-02-27T23:31:47 IST" duration-ms="0" status="PASS">
          <reporter-output>
          </reporter-output>
        </test-method> <!-- beforeMethod -->
        <test-method is-config="true" signature="afterMethod()[pri:0, instance:com.sl.test2.PracTestNG2@43301423]" started-at="2021-02-27T23:31:47 IST" name="afterMethod" finished-at="2021-02-27T23:31:47 IST" duration-ms="0" status="PASS">
          <reporter-output>
          </reporter-output>
        </test-method> <!-- afterMethod -->
        <test-method is-config="true" signature="beforeMethod()[pri:0, instance:com.sl.test2.PracTestNG2@43301423]" started-at="2021-02-27T23:31:47 IST" name="beforeMethod" finished-at="2021-02-27T23:31:47 IST" duration-ms="0" status="PASS">
          <reporter-output>
          </reporter-output>
        </test-method> <!-- beforeMethod -->
        <test-method is-config="true" signature="afterMethod()[pri:0, instance:com.sl.test2.PracTestNG2@43301423]" started-at="2021-02-27T23:31:47 IST" name="afterMethod" finished-at="2021-02-27T23:31:47 IST" duration-ms="0" status="PASS">
          <reporter-output>
          </reporter-output>
        </test-method> <!-- afterMethod -->
        <test-method signature="signup(java.lang.String, java.lang.String)[pri:0, instance:com.sl.test2.PracTestNG2@43301423]" started-at="2021-02-27T23:31:47 IST" name="signup" data-provider="signupdp" finished-at="2021-02-27T23:31:47 IST" duration-ms="15" status="PASS">
          <params>
            <param index="0">
              <value>
                <![CDATA[user2]]>
              </value>
            </param>
            <param index="1">
              <value>
                <![CDATA[pass2]]>
              </value>
            </param>
          </params>
          <reporter-output>
          </reporter-output>
        </test-method> <!-- signup -->
        <test-method is-config="true" signature="beforeMethod()[pri:0, instance:com.sl.test2.PracTestNG2@43301423]" started-at="2021-02-27T23:31:47 IST" name="beforeMethod" finished-at="2021-02-27T23:31:47 IST" duration-ms="0" status="PASS">
          <reporter-output>
          </reporter-output>
        </test-method> <!-- beforeMethod -->
        <test-method is-config="true" signature="afterMethod()[pri:0, instance:com.sl.test2.PracTestNG2@43301423]" started-at="2021-02-27T23:31:47 IST" name="afterMethod" finished-at="2021-02-27T23:31:47 IST" duration-ms="0" status="PASS">
          <reporter-output>
          </reporter-output>
        </test-method> <!-- afterMethod -->
        <test-method signature="t2()[pri:0, instance:com.sl.test2.PracTestNG2@43301423]" started-at="2021-02-27T23:31:47 IST" name="t2" finished-at="2021-02-27T23:31:47 IST" duration-ms="0" status="PASS">
          <reporter-output>
          </reporter-output>
        </test-method> <!-- t2 -->
        <test-method is-config="true" signature="afterTest()[pri:0, instance:com.sl.test2.PracTestNG2@43301423]" started-at="2021-02-27T23:31:47 IST" name="afterTest" finished-at="2021-02-27T23:31:47 IST" duration-ms="0" status="PASS">
          <reporter-output>
          </reporter-output>
        </test-method> <!-- afterTest -->
        <test-method is-config="true" signature="afterMethod()[pri:0, instance:com.sl.test2.PracTestNG2@43301423]" started-at="2021-02-27T23:31:47 IST" name="afterMethod" finished-at="2021-02-27T23:31:47 IST" duration-ms="0" status="PASS">
          <reporter-output>
          </reporter-output>
        </test-method> <!-- afterMethod -->
        <test-method is-config="true" signature="afterClass()[pri:0, instance:com.sl.test2.PracTestNG2@43301423]" started-at="2021-02-27T23:31:47 IST" name="afterClass" finished-at="2021-02-27T23:31:47 IST" duration-ms="0" status="PASS">
          <reporter-output>
          </reporter-output>
        </test-method> <!-- afterClass -->
        <test-method is-config="true" signature="afterSuite()[pri:0, instance:com.sl.test2.PracTestNG2@43301423]" started-at="2021-02-27T23:31:47 IST" name="afterSuite" finished-at="2021-02-27T23:31:47 IST" duration-ms="0" status="PASS">
          <reporter-output>
          </reporter-output>
        </test-method> <!-- afterSuite -->
      </class> <!-- com.sl.test2.PracTestNG2 -->
      <class name="com.sl.test.PracTestNG">
        <test-method is-config="true" signature="beforeSuite()[pri:0, instance:com.sl.test.PracTestNG@3c9d0b9d]" started-at="2021-02-27T23:31:46 IST" name="beforeSuite" finished-at="2021-02-27T23:31:46 IST" duration-ms="20" status="PASS">
          <reporter-output>
          </reporter-output>
        </test-method> <!-- beforeSuite -->
        <test-method is-config="true" signature="beforeTest()[pri:0, instance:com.sl.test.PracTestNG@3c9d0b9d]" started-at="2021-02-27T23:31:46 IST" name="beforeTest" finished-at="2021-02-27T23:31:46 IST" duration-ms="2" status="PASS">
          <reporter-output>
          </reporter-output>
        </test-method> <!-- beforeTest -->
        <test-method is-config="true" signature="beforeClass()[pri:0, instance:com.sl.test.PracTestNG@3c9d0b9d]" started-at="2021-02-27T23:31:46 IST" name="beforeClass" finished-at="2021-02-27T23:31:46 IST" duration-ms="0" status="PASS">
          <reporter-output>
          </reporter-output>
        </test-method> <!-- beforeClass -->
        <test-method signature="Test(java.lang.Integer, java.lang.String)[pri:0, instance:com.sl.test.PracTestNG@3c9d0b9d]" started-at="2021-02-27T23:31:46 IST" name="Test" data-provider="dp" finished-at="2021-02-27T23:31:46 IST" duration-ms="8" status="PASS">
          <params>
            <param index="0">
              <value>
                <![CDATA[1]]>
              </value>
            </param>
            <param index="1">
              <value>
                <![CDATA[a]]>
              </value>
            </param>
          </params>
          <reporter-output>
          </reporter-output>
        </test-method> <!-- Test -->
        <test-method is-config="true" signature="beforeMethod()[pri:0, instance:com.sl.test.PracTestNG@3c9d0b9d]" started-at="2021-02-27T23:31:46 IST" name="beforeMethod" finished-at="2021-02-27T23:31:46 IST" duration-ms="0" status="PASS">
          <reporter-output>
          </reporter-output>
        </test-method> <!-- beforeMethod -->
        <test-method signature="LoginTest(java.lang.String, java.lang.String)[pri:0, instance:com.sl.test.PracTestNG@3c9d0b9d]" started-at="2021-02-27T23:31:46 IST" name="LoginTest" data-provider="logindp" finished-at="2021-02-27T23:31:46 IST" duration-ms="8" status="PASS">
          <params>
            <param index="0">
              <value>
                <![CDATA[admin]]>
              </value>
            </param>
            <param index="1">
              <value>
                <![CDATA[password]]>
              </value>
            </param>
          </params>
          <reporter-output>
          </reporter-output>
        </test-method> <!-- LoginTest -->
        <test-method is-config="true" signature="beforeMethod()[pri:0, instance:com.sl.test.PracTestNG@3c9d0b9d]" started-at="2021-02-27T23:31:46 IST" name="beforeMethod" finished-at="2021-02-27T23:31:46 IST" duration-ms="0" status="PASS">
          <reporter-output>
          </reporter-output>
        </test-method> <!-- beforeMethod -->
        <test-method is-config="true" signature="afterMethod()[pri:0, instance:com.sl.test.PracTestNG@3c9d0b9d]" started-at="2021-02-27T23:31:46 IST" name="afterMethod" finished-at="2021-02-27T23:31:46 IST" duration-ms="0" status="PASS">
          <reporter-output>
          </reporter-output>
        </test-method> <!-- afterMethod -->
        <test-method is-config="true" signature="afterMethod()[pri:0, instance:com.sl.test.PracTestNG@3c9d0b9d]" started-at="2021-02-27T23:31:46 IST" name="afterMethod" finished-at="2021-02-27T23:31:46 IST" duration-ms="0" status="PASS">
          <reporter-output>
          </reporter-output>
        </test-method> <!-- afterMethod -->
        <test-method is-config="true" signature="beforeMethod()[pri:0, instance:com.sl.test.PracTestNG@3c9d0b9d]" started-at="2021-02-27T23:31:46 IST" name="beforeMethod" finished-at="2021-02-27T23:31:46 IST" duration-ms="0" status="PASS">
          <reporter-output>
          </reporter-output>
        </test-method> <!-- beforeMethod -->
        <test-method signature="Test(java.lang.Integer, java.lang.String)[pri:0, instance:com.sl.test.PracTestNG@3c9d0b9d]" started-at="2021-02-27T23:31:46 IST" name="Test" data-provider="dp" finished-at="2021-02-27T23:31:46 IST" duration-ms="16" status="PASS">
          <params>
            <param index="0">
              <value>
                <![CDATA[2]]>
              </value>
            </param>
            <param index="1">
              <value>
                <![CDATA[b]]>
              </value>
            </param>
          </params>
          <reporter-output>
          </reporter-output>
        </test-method> <!-- Test -->
        <test-method is-config="true" signature="beforeMethod()[pri:0, instance:com.sl.test.PracTestNG@3c9d0b9d]" started-at="2021-02-27T23:31:46 IST" name="beforeMethod" finished-at="2021-02-27T23:31:46 IST" duration-ms="0" status="PASS">
          <reporter-output>
          </reporter-output>
        </test-method> <!-- beforeMethod -->
        <test-method signature="LoginTest(java.lang.String, java.lang.String)[pri:0, instance:com.sl.test.PracTestNG@3c9d0b9d]" started-at="2021-02-27T23:31:46 IST" name="LoginTest" data-provider="logindp" finished-at="2021-02-27T23:31:46 IST" duration-ms="0" status="PASS">
          <params>
            <param index="0">
              <value>
                <![CDATA[admin2]]>
              </value>
            </param>
            <param index="1">
              <value>
                <![CDATA[password2]]>
              </value>
            </param>
          </params>
          <reporter-output>
          </reporter-output>
        </test-method> <!-- LoginTest -->
        <test-method is-config="true" signature="beforeMethod()[pri:0, instance:com.sl.test.PracTestNG@3c9d0b9d]" started-at="2021-02-27T23:31:46 IST" name="beforeMethod" finished-at="2021-02-27T23:31:46 IST" duration-ms="8" status="PASS">
          <reporter-output>
          </reporter-output>
        </test-method> <!-- beforeMethod -->
        <test-method is-config="true" signature="afterMethod()[pri:0, instance:com.sl.test.PracTestNG@3c9d0b9d]" started-at="2021-02-27T23:31:46 IST" name="afterMethod" finished-at="2021-02-27T23:31:46 IST" duration-ms="0" status="PASS">
          <reporter-output>
          </reporter-output>
        </test-method> <!-- afterMethod -->
        <test-method is-config="true" signature="afterMethod()[pri:0, instance:com.sl.test.PracTestNG@3c9d0b9d]" started-at="2021-02-27T23:31:46 IST" name="afterMethod" finished-at="2021-02-27T23:31:46 IST" duration-ms="0" status="PASS">
          <reporter-output>
          </reporter-output>
        </test-method> <!-- afterMethod -->
        <test-method is-config="true" signature="afterMethod()[pri:0, instance:com.sl.test.PracTestNG@3c9d0b9d]" started-at="2021-02-27T23:31:46 IST" name="afterMethod" finished-at="2021-02-27T23:31:46 IST" duration-ms="0" status="PASS">
          <reporter-output>
          </reporter-output>
        </test-method> <!-- afterMethod -->
        <test-method signature="t()[pri:0, instance:com.sl.test.PracTestNG@3c9d0b9d]" started-at="2021-02-27T23:31:46 IST" name="t" finished-at="2021-02-27T23:31:46 IST" duration-ms="0" status="PASS">
          <reporter-output>
          </reporter-output>
        </test-method> <!-- t -->
        <test-method signature="t2()[pri:0, instance:com.sl.test.PracTestNG@3c9d0b9d]" started-at="2021-02-27T23:31:46 IST" name="t2" finished-at="2021-02-27T23:31:46 IST" duration-ms="0" status="PASS">
          <reporter-output>
          </reporter-output>
        </test-method> <!-- t2 -->
        <test-method is-config="true" signature="beforeMethod()[pri:0, instance:com.sl.test.PracTestNG@3c9d0b9d]" started-at="2021-02-27T23:31:46 IST" name="beforeMethod" finished-at="2021-02-27T23:31:46 IST" duration-ms="0" status="PASS">
          <reporter-output>
          </reporter-output>
        </test-method> <!-- beforeMethod -->
        <test-method is-config="true" signature="afterClass()[pri:0, instance:com.sl.test.PracTestNG@3c9d0b9d]" started-at="2021-02-27T23:31:47 IST" name="afterClass" finished-at="2021-02-27T23:31:47 IST" duration-ms="0" status="PASS">
          <reporter-output>
          </reporter-output>
        </test-method> <!-- afterClass -->
        <test-method is-config="true" signature="afterMethod()[pri:0, instance:com.sl.test.PracTestNG@3c9d0b9d]" started-at="2021-02-27T23:31:47 IST" name="afterMethod" finished-at="2021-02-27T23:31:47 IST" duration-ms="0" status="PASS">
          <reporter-output>
          </reporter-output>
        </test-method> <!-- afterMethod -->
        <test-method is-config="true" signature="afterTest()[pri:0, instance:com.sl.test.PracTestNG@3c9d0b9d]" started-at="2021-02-27T23:31:47 IST" name="afterTest" finished-at="2021-02-27T23:31:47 IST" duration-ms="0" status="PASS">
          <reporter-output>
          </reporter-output>
        </test-method> <!-- afterTest -->
        <test-method is-config="true" signature="afterSuite()[pri:0, instance:com.sl.test.PracTestNG@3c9d0b9d]" started-at="2021-02-27T23:31:47 IST" name="afterSuite" finished-at="2021-02-27T23:31:47 IST" duration-ms="0" status="PASS">
          <reporter-output>
          </reporter-output>
        </test-method> <!-- afterSuite -->
      </class> <!-- com.sl.test.PracTestNG -->
    </test> <!-- MyTest -->
  </suite> <!-- RegressionSuite -->
</testng-results>
