<?xml version="1.0" encoding="UTF-8"?>
<testng-results ignored="0" total="1" passed="1" failed="0" skipped="0">
  <reporter-output>
  </reporter-output>
  <suite started-at="2021-02-14T22:07:52 IST" name="Default suite" finished-at="2021-02-14T22:08:22 IST" duration-ms="29522">
    <groups>
    </groups>
    <test started-at="2021-02-14T22:07:52 IST" name="Default test" finished-at="2021-02-14T22:08:22 IST" duration-ms="29522">
      <class name="com.ecom.selenium.external.browser.popup.AmazonBrowser">
        <test-method is-config="true" signature="launchBrowser()[pri:0, instance:com.ecom.selenium.external.browser.popup.AmazonBrowser@6193932a]" started-at="2021-02-14T22:07:52 IST" name="launchBrowser" finished-at="2021-02-14T22:07:59 IST" duration-ms="6925" status="PASS">
          <reporter-output>
          </reporter-output>
        </test-method> <!-- launchBrowser -->
        <test-method signature="addToCart()[pri:0, instance:com.ecom.selenium.external.browser.popup.AmazonBrowser@6193932a]" started-at="2021-02-14T22:07:59 IST" name="addToCart" finished-at="2021-02-14T22:08:18 IST" duration-ms="18530" status="PASS">
          <reporter-output>
          </reporter-output>
        </test-method> <!-- addToCart -->
        <test-method is-config="true" signature="closeBrowser()[pri:0, instance:com.ecom.selenium.external.browser.popup.AmazonBrowser@6193932a]" started-at="2021-02-14T22:08:18 IST" name="closeBrowser" finished-at="2021-02-14T22:08:22 IST" duration-ms="3993" status="PASS">
          <reporter-output>
          </reporter-output>
        </test-method> <!-- closeBrowser -->
      </class> <!-- com.ecom.selenium.external.browser.popup.AmazonBrowser -->
    </test> <!-- Default test -->
  </suite> <!-- Default suite -->
</testng-results>
