<?xml version="1.0" encoding="UTF-8"?>
<testng-results ignored="0" total="1" passed="1" failed="0" skipped="0">
  <reporter-output>
  </reporter-output>
  <suite started-at="2021-05-22T21:54:21 IST" name="Default suite" finished-at="2021-05-22T21:54:21 IST" duration-ms="247">
    <groups>
    </groups>
    <test started-at="2021-05-22T21:54:21 IST" name="Default test" finished-at="2021-05-22T21:54:21 IST" duration-ms="247">
      <class name="com.simpliLearnLog4j.Logtester2">
        <test-method is-config="true" signature="beforeClass()[pri:0, instance:com.simpliLearnLog4j.Logtester2@78aab498]" started-at="2021-05-22T21:54:21 IST" name="beforeClass" finished-at="2021-05-22T21:54:21 IST" duration-ms="160" status="PASS">
          <reporter-output>
          </reporter-output>
        </test-method> <!-- beforeClass -->
        <test-method signature="f()[pri:0, instance:com.simpliLearnLog4j.Logtester2@78aab498]" started-at="2021-05-22T21:54:21 IST" name="f" finished-at="2021-05-22T21:54:21 IST" duration-ms="13" status="PASS">
          <reporter-output>
          </reporter-output>
        </test-method> <!-- f -->
      </class> <!-- com.simpliLearnLog4j.Logtester2 -->
    </test> <!-- Default test -->
  </suite> <!-- Default suite -->
</testng-results>
