<?xml version="1.0" encoding="UTF-8"?>
<!-- Generated by org.testng.reporters.JUnitXMLReporter -->
<testsuite ignored="0" hostname="Arjun" failures="0" tests="4" name="Default test" time="0.107" errors="0" timestamp="2021-02-27T21:52:53 IST">
  <testcase classname="com.sl.test.PracTestNG" name="LoginTest" time="0.009"/>
  <testcase classname="com.sl.test.PracTestNG" name="LoginTest" time="0.005"/>
  <testcase classname="com.sl.test.PracTestNG" name="t" time="0.003"/>
  <testcase classname="com.sl.test.PracTestNG" name="t2" time="0.004"/>
</testsuite> <!-- Default test -->
