<?xml version="1.0" encoding="UTF-8"?>
<!-- Generated by org.testng.reporters.JUnitXMLReporter -->
<testsuite ignored="0" hostname="Arjun" failures="0" tests="10" name="MyTest" time="0.169" errors="0" timestamp="2021-02-27T23:31:47 IST">
  <testcase classname="com.sl.test.PracTestNG" name="LoginTest" time="0.008"/>
  <testcase classname="com.sl.test.PracTestNG" name="Test" time="0.008"/>
  <testcase classname="com.sl.test.PracTestNG" name="LoginTest" time="0.0"/>
  <testcase classname="com.sl.test.PracTestNG" name="Test" time="0.016"/>
  <testcase classname="com.sl.test.PracTestNG" name="t" time="0.0"/>
  <testcase classname="com.sl.test.PracTestNG" name="t2" time="0.0"/>
  <testcase classname="com.sl.test2.PracTestNG2" name="signup" time="0.0"/>
  <testcase classname="com.sl.test2.PracTestNG2" name="t" time="0.008"/>
  <testcase classname="com.sl.test2.PracTestNG2" name="t2" time="0.0"/>
  <testcase classname="com.sl.test2.PracTestNG2" name="signup" time="0.015"/>
</testsuite> <!-- MyTest -->
