<?xml version="1.0" encoding="UTF-8"?>
<!-- Generated by org.testng.reporters.JUnitXMLReporter -->
<testsuite ignored="0" hostname="Arjun" failures="0" tests="4" name="Default test" time="0.104" errors="0" timestamp="2021-02-28T23:03:43 IST">
  <testcase classname="com.tdd.test.TestOrder" name="a" time="0.022"/>
  <testcase classname="com.tdd.test.TestOrder" name="c" time="0.003"/>
  <testcase classname="com.tdd.test.TestOrder" name="b" time="0.002"/>
  <testcase classname="com.tdd.test.TestOrder" name="d" time="0.002"/>
</testsuite> <!-- Default test -->
