<?xml version="1.0" encoding="UTF-8"?>
<!-- Generated by org.testng.reporters.JUnitXMLReporter -->
<testsuite ignored="1" hostname="Arjun" failures="0" tests="2" name="Test" time="0.168" errors="0" timestamp="2021-02-28T22:51:15 IST">
  <testcase classname="com.tdd.test.TestGroups" name="testLoginInValid1" time="0.014"/>
  <testcase classname="com.tdd.test.TestGroups" name="testLoginValid" time="0.003"/>
  <testcase classname="com.tdd.test.TestGroups" name="testLoginInvalid2" time="0.0">
    <ignored/>
  </testcase> <!-- testLoginInvalid2 -->
</testsuite> <!-- Test -->
