<?xml version="1.0" encoding="UTF-8"?>
<testng-results ignored="0" total="2" passed="2" failed="0" skipped="0">
  <reporter-output>
  </reporter-output>
  <suite started-at="2021-07-10T17:25:46 IST" name="Suite" finished-at="2021-07-10T17:35:07 IST" duration-ms="561156">
    <groups>
    </groups>
    <test started-at="2021-07-10T17:25:46 IST" name="Test" finished-at="2021-07-10T17:35:07 IST" duration-ms="561156">
      <class name="com.appium.TestAppium">
        <test-method is-config="true" signature="beforeTest()[pri:0, instance:com.appium.TestAppium@6d2a209c]" started-at="2021-07-10T17:25:46 IST" name="beforeTest" finished-at="2021-07-10T17:25:46 IST" duration-ms="64" status="PASS">
          <reporter-output>
          </reporter-output>
        </test-method> <!-- beforeTest -->
        <test-method signature="MyTest()[pri:0, instance:com.appium.TestAppium@6d2a209c]" started-at="2021-07-10T17:26:29 IST" name="MyTest" finished-at="2021-07-10T17:26:29 IST" duration-ms="42" status="PASS">
          <reporter-output>
          </reporter-output>
        </test-method> <!-- MyTest -->
        <test-method is-config="true" signature="afterTest()[pri:0, instance:com.appium.TestAppium@6d2a209c]" started-at="2021-07-10T17:35:07 IST" name="afterTest" finished-at="2021-07-10T17:35:07 IST" duration-ms="2" status="PASS">
          <reporter-output>
          </reporter-output>
        </test-method> <!-- afterTest -->
      </class> <!-- com.appium.TestAppium -->
      <class name="com.appium.TestSwiggy">
        <test-method is-config="true" signature="setUp()[pri:0, instance:com.appium.TestSwiggy@75329a49]" started-at="2021-07-10T17:25:46 IST" name="setUp" finished-at="2021-07-10T17:26:29 IST" duration-ms="43314" status="PASS">
          <reporter-output>
          </reporter-output>
        </test-method> <!-- setUp -->
        <test-method signature="testLocation()[pri:0, instance:com.appium.TestSwiggy@75329a49]" started-at="2021-07-10T17:26:29 IST" name="testLocation" finished-at="2021-07-10T17:35:07 IST" duration-ms="517626" status="PASS">
          <reporter-output>
          </reporter-output>
        </test-method> <!-- testLocation -->
      </class> <!-- com.appium.TestSwiggy -->
    </test> <!-- Test -->
  </suite> <!-- Suite -->
</testng-results>
