<?xml version="1.0" encoding="UTF-8"?>
<testng-results ignored="0" total="4" passed="4" failed="0" skipped="0">
  <reporter-output>
  </reporter-output>
  <suite started-at="2021-02-28T23:03:43 IST" name="Default suite" finished-at="2021-02-28T23:03:43 IST" duration-ms="104">
    <groups>
    </groups>
    <test started-at="2021-02-28T23:03:43 IST" name="Default test" finished-at="2021-02-28T23:03:43 IST" duration-ms="104">
      <class name="com.tdd.test.TestOrder">
        <test-method signature="a()[pri:0, instance:com.tdd.test.TestOrder@37918c79]" started-at="2021-02-28T23:03:43 IST" name="a" finished-at="2021-02-28T23:03:43 IST" duration-ms="22" status="PASS">
          <reporter-output>
          </reporter-output>
        </test-method> <!-- a -->
        <test-method signature="c()[pri:0, instance:com.tdd.test.TestOrder@37918c79]" started-at="2021-02-28T23:03:43 IST" name="c" finished-at="2021-02-28T23:03:43 IST" duration-ms="3" status="PASS">
          <reporter-output>
          </reporter-output>
        </test-method> <!-- c -->
        <test-method signature="b()[pri:1, instance:com.tdd.test.TestOrder@37918c79]" started-at="2021-02-28T23:03:43 IST" name="b" finished-at="2021-02-28T23:03:43 IST" duration-ms="2" status="PASS">
          <reporter-output>
          </reporter-output>
        </test-method> <!-- b -->
        <test-method signature="d()[pri:2, instance:com.tdd.test.TestOrder@37918c79]" started-at="2021-02-28T23:03:43 IST" name="d" finished-at="2021-02-28T23:03:43 IST" duration-ms="2" status="PASS">
          <reporter-output>
          </reporter-output>
        </test-method> <!-- d -->
      </class> <!-- com.tdd.test.TestOrder -->
    </test> <!-- Default test -->
  </suite> <!-- Default suite -->
</testng-results>
